2025-05-21 14:32:52,857 [Worker-1: Loading available Gradle versions] INFO  c.g.t.t.d.PublishedGradleVersions - Gradle version information cache is out-of-date. Trying to update.
2025-06-04 23:20:21,160 [Worker-19: Updating Maven Dependencies] INFO  o.e.m.c.i.l.LifecycleMappingFactory - Using NULL lifecycle mapping for MavenProject: eai.devass.atsinistre:SINISTREAT_Build:1.0 @ C:\Users\ENNARY Abdelaziz\git\sinatrest\SINISTREAT_Build\pom.xml.
2025-06-04 23:20:30,303 [Worker-19: Updating Maven Dependencies] WARN  o.e.m.c.i.embedder.EclipseLogger - The POM for com.rmaassurance.transverse:reglement-modeleVO:jar:2.0 is invalid, transitive dependencies (if any) will not be available, enable debug logging for more details
2025-06-04 23:20:44,928 [Worker-21: Building workspace] INFO  o.e.m.c.i.l.LifecycleMappingFactory - Using NULL lifecycle mapping for MavenProject: eai.devass.atsinistre:SINISTREAT_Build:1.0 @ C:\Users\ENNARY Abdelaziz\git\sinatrest\SINISTREAT_Build\pom.xml.
2025-06-04 23:20:44,987 [Worker-19: Updating Maven Dependencies] INFO  o.e.m.c.i.l.LifecycleMappingFactory - Using org.eclipse.m2e.jdt.JarLifecycleMapping lifecycle mapping for MavenProject: eai.devass.atsinistre:SINISTREAT_COMMUN:1.0.0 @ C:\Users\ENNARY Abdelaziz\git\sinatrest\SINISTREAT_COMMUN\pom.xml.
2025-06-04 23:20:45,399 [Worker-21: Building workspace] WARN  o.e.m.c.i.embedder.EclipseLogger - The POM for com.rmaassurance.transverse:reglement-modeleVO:jar:2.0 is invalid, transitive dependencies (if any) will not be available, enable debug logging for more details
2025-06-04 23:20:46,912 [Worker-7: Building workspace] INFO  o.e.m.c.i.l.LifecycleMappingFactory - Using org.eclipse.m2e.jdt.JarLifecycleMapping lifecycle mapping for MavenProject: eai.devass.atsinistre:SINISTREAT_COMMUN:1.0.0 @ C:\Users\ENNARY Abdelaziz\git\sinatrest\SINISTREAT_COMMUN\pom.xml.
2025-06-04 23:20:47,805 [Worker-7: Building workspace] WARN  o.e.m.c.i.embedder.EclipseLogger - The POM for com.rmaassurance.transverse:reglement-modeleVO:jar:2.0 is invalid, transitive dependencies (if any) will not be available, enable debug logging for more details
2025-06-04 23:20:52,449 [Worker-17: Updating Maven Dependencies] INFO  o.e.m.c.i.l.LifecycleMappingFactory - Using NULL lifecycle mapping for MavenProject: eai.devass.atsinistre:SINISTREAT_Build:1.0 @ C:\Users\ENNARY Abdelaziz\git\sinatrest\SINISTREAT_Build\pom.xml.
2025-06-04 23:20:52,468 [Worker-7: Building workspace] WARN  o.e.m.c.i.embedder.EclipseLogger - Using platform encoding (Cp1252 actually) to copy filtered resources, i.e. build is platform dependent!
2025-06-04 23:20:52,470 [Worker-7: Building workspace] INFO  o.e.m.c.i.embedder.EclipseLogger - skip non existing resourceDirectory C:\Users\ENNARY Abdelaziz\git\sinatrest\SINISTREAT_COMMUN\src\main\resources
2025-06-04 23:20:52,474 [Worker-7: Building workspace] INFO  o.e.m.c.i.embedder.EclipseLogger - Not copying test resources
2025-06-04 23:20:53,032 [Worker-17: Updating Maven Dependencies] WARN  o.e.m.c.i.embedder.EclipseLogger - The POM for com.rmaassurance.transverse:reglement-modeleVO:jar:2.0 is invalid, transitive dependencies (if any) will not be available, enable debug logging for more details
2025-06-04 23:20:53,881 [Worker-17: Updating Maven Dependencies] INFO  o.e.m.c.i.l.LifecycleMappingFactory - Using org.eclipse.m2e.jdt.JarLifecycleMapping lifecycle mapping for MavenProject: eai.devass.atsinistre:SINISTREAT_COMMUN:1.0.0 @ C:\Users\ENNARY Abdelaziz\git\sinatrest\SINISTREAT_COMMUN\pom.xml.
2025-06-04 23:20:54,210 [Worker-17: Updating Maven Dependencies] INFO  o.e.m.c.i.l.LifecycleMappingFactory - Using org.eclipse.m2e.jdt.JarLifecycleMapping lifecycle mapping for MavenProject: eai.devass.atsinistre:SINISTREAT_Workspace:1.0.0 @ C:\Users\ENNARY Abdelaziz\git\sinatrest\SINISTREAT_Workspace\pom.xml.
2025-06-04 23:20:56,871 [Worker-18: Building workspace] WARN  o.e.m.c.i.embedder.EclipseLogger - The POM for com.rmaassurance.transverse:reglement-modeleVO:jar:2.0 is invalid, transitive dependencies (if any) will not be available, enable debug logging for more details
2025-06-04 23:20:57,555 [Worker-18: Building workspace] WARN  o.e.m.c.i.embedder.EclipseLogger - Using platform encoding (Cp1252 actually) to copy filtered resources, i.e. build is platform dependent!
2025-06-04 23:20:57,557 [Worker-18: Building workspace] INFO  o.e.m.c.i.embedder.EclipseLogger - skip non existing resourceDirectory C:\Users\ENNARY Abdelaziz\git\sinatrest\SINISTREAT_COMMUN\src\main\resources
2025-06-04 23:20:57,560 [Worker-18: Building workspace] INFO  o.e.m.c.i.embedder.EclipseLogger - Not copying test resources
2025-06-04 23:20:59,608 [Worker-18: Building workspace] WARN  o.e.m.c.i.embedder.EclipseLogger - The POM for com.rmaassurance.transverse:reglement-modeleVO:jar:2.0 is invalid, transitive dependencies (if any) will not be available, enable debug logging for more details
2025-06-04 23:21:00,105 [Worker-18: Building workspace] WARN  o.e.m.c.i.embedder.EclipseLogger - Using platform encoding (Cp1252 actually) to copy filtered resources, i.e. build is platform dependent!
2025-06-04 23:21:00,121 [Worker-18: Building workspace] INFO  o.e.m.c.i.embedder.EclipseLogger - Copying 2 resources
2025-06-04 23:21:00,164 [Worker-18: Building workspace] INFO  o.e.m.c.i.embedder.EclipseLogger - Not copying test resources
2025-06-04 23:21:04,357 [Worker-22: Building workspace] WARN  o.e.m.c.i.embedder.EclipseLogger - Using platform encoding (Cp1252 actually) to copy filtered resources, i.e. build is platform dependent!
